0 info it worked if it ends with ok
1 verbose cli [ 'node', '/usr/bin/npm', 'start' ]
2 info using npm@2.4.1
3 info using node@v0.11.15
4 verbose node symlink /usr/bin/node
5 verbose run-script [ 'prestart', 'start', 'poststart' ]
6 info prestart test-api@1.0.1-beta
7 info start test-api@1.0.1-beta
8 verbose unsafe-perm in lifecycle true
9 info test-api@1.0.1-beta Failed to exec start script
10 verbose stack Error: test-api@1.0.1-beta start: `node server/server.js`
10 verbose stack Exit status 1
10 verbose stack     at EventEmitter.<anonymous> (/usr/lib/node_modules/npm/lib/utils/lifecycle.js:213:16)
10 verbose stack     at EventEmitter.emit (events.js:110:17)
10 verbose stack     at ChildProcess.<anonymous> (/usr/lib/node_modules/npm/lib/utils/spawn.js:14:12)
10 verbose stack     at ChildProcess.emit (events.js:110:17)
10 verbose stack     at maybeClose (child_process.js:1008:16)
10 verbose stack     at Process.ChildProcess._handle.onexit (child_process.js:1080:5)
11 verbose pkgid test-api@1.0.1-beta
12 verbose cwd /home/abhaypatidar/PycharmProjects/test-api
13 error Linux 3.11.0-26-generic
14 error argv "node" "/usr/bin/npm" "start"
15 error node v0.11.15
16 error npm  v2.4.1
17 error code ELIFECYCLE
18 error test-api@1.0.1-beta start: `node server/server.js`
18 error Exit status 1
19 error Failed at the test-api@1.0.1-beta start script 'node server/server.js'.
19 error This is most likely a problem with the test-api package,
19 error not with npm itself.
19 error Tell the author that this fails on your system:
19 error     node server/server.js
19 error You can get their info via:
19 error     npm owner ls test-api
19 error There is likely additional logging output above.
20 verbose exit [ 1, true ]
